d:\githubcode\windows_service-master\release\vc142.pdb
d:\githubcode\windows_service-master\release\user_tracker_service.obj
d:\githubcode\windows_service-master\release\service_installer.obj
d:\githubcode\windows_service-master\release\service_base.obj
d:\githubcode\windows_service-master\release\main.obj
d:\githubcode\windows_service-master\release\sftp_server_service.obj
d:\githubcode\windows_service-master\release\mainsftpserver.obj
d:\githubcode\windows_service-master\release\globalfunction.obj
d:\githubcode\windows_service-master\release\dirent.obj
d:\githubcode\windows_service-master\release\windows_service.exe
d:\githubcode\windows_service-master\release\windows_service.pdb
d:\githubcode\windows_service-master\release\windows_service.ipdb
d:\githubcode\windows_service-master\release\windows_service.iobj
d:\githubcode\windows_service-master\release\windows_service.tlog\cl.command.1.tlog
d:\githubcode\windows_service-master\release\windows_service.tlog\cl.read.1.tlog
d:\githubcode\windows_service-master\release\windows_service.tlog\cl.write.1.tlog
d:\githubcode\windows_service-master\release\windows_service.tlog\link.command.1.tlog
d:\githubcode\windows_service-master\release\windows_service.tlog\link.delete.1.tlog
d:\githubcode\windows_service-master\release\windows_service.tlog\link.read.1.tlog
d:\githubcode\windows_service-master\release\windows_service.tlog\link.write.1.tlog
d:\githubcode\windows_service-master\release\windows_service.tlog\windows_service.write.1u.tlog
